<?xml version="1.0" encoding="UTF-8"?>
<!-- Generated by org.testng.reporters.JUnitXMLReporter -->
<testsuite ignored="0" hostname="USHYDNAGMANASA3" failures="0" tests="13" name="Default test" time="28.437" errors="0" timestamp="2023-05-25T09:46:51 IST">
  <testcase classname="flightSearchAutomationTest.FlightSearch" name="testPopup" time="2.808"/>
  <testcase classname="flightSearchAutomationTest.FlightSearch" name="testDetails" time="0.068"/>
  <testcase classname="flightSearchAutomationTest.FlightSearch" name="testHyd" time="0.699"/>
  <testcase classname="flightSearchAutomationTest.FlightSearch" name="testDestination" time="0.545"/>
  <testcase classname="flightSearchAutomationTest.FlightSearch" name="testPune" time="0.689"/>
  <testcase classname="flightSearchAutomationTest.FlightSearch" name="testDeparture" time="0.556"/>
  <testcase classname="flightSearchAutomationTest.FlightSearch" name="testDate" time="0.545"/>
  <testcase classname="flightSearchAutomationTest.FlightSearch" name="testTraveller" time="0.542"/>
  <testcase classname="flightSearchAutomationTest.FlightSearch" name="testEconomy" time="0.603"/>
  <testcase classname="flightSearchAutomationTest.FlightSearch" name="testSearch" time="0.557"/>
  <testcase classname="flightSearchAutomationTest.FlightSearch" name="testCheckDetails" time="2.588"/>
  <testcase classname="flightSearchAutomationTest.FlightSearch" name="testFlightDetails" time="6.279"/>
  <testcase classname="flightSearchAutomationTest.FlightSearch" name="CapturingScreenshot" time="3.604"/>
</testsuite> <!-- Default test -->
