<?xml version="1.0" encoding="UTF-8"?>
<testng-results ignored="0" total="13" passed="13" failed="0" skipped="0">
  <reporter-output>
  </reporter-output>
  <suite started-at="2023-05-25T09:46:23 IST" name="Default suite" finished-at="2023-05-25T09:46:51 IST" duration-ms="28437">
    <groups>
    </groups>
    <test started-at="2023-05-25T09:46:23 IST" name="Default test" finished-at="2023-05-25T09:46:51 IST" duration-ms="28437">
      <class name="flightSearchAutomationTest.FlightSearch">
        <test-method is-config="true" signature="LaunchTheBrowser()[pri:0, instance:flightSearchAutomationTest.FlightSearch@4f6ee6e4]" started-at="2023-05-25T09:46:23 IST" name="LaunchTheBrowser" finished-at="2023-05-25T09:46:31 IST" duration-ms="7994" status="PASS">
          <reporter-output>
          </reporter-output>
        </test-method> <!-- LaunchTheBrowser -->
        <test-method signature="testPopup()[pri:1, instance:flightSearchAutomationTest.FlightSearch@4f6ee6e4]" started-at="2023-05-25T09:46:31 IST" name="testPopup" finished-at="2023-05-25T09:46:34 IST" duration-ms="2808" status="PASS">
          <reporter-output>
          </reporter-output>
        </test-method> <!-- testPopup -->
        <test-method signature="testDetails()[pri:2, instance:flightSearchAutomationTest.FlightSearch@4f6ee6e4]" started-at="2023-05-25T09:46:34 IST" name="testDetails" finished-at="2023-05-25T09:46:34 IST" duration-ms="68" status="PASS">
          <reporter-output>
          </reporter-output>
        </test-method> <!-- testDetails -->
        <test-method signature="testHyd()[pri:3, instance:flightSearchAutomationTest.FlightSearch@4f6ee6e4]" started-at="2023-05-25T09:46:34 IST" name="testHyd" finished-at="2023-05-25T09:46:34 IST" duration-ms="699" status="PASS">
          <reporter-output>
          </reporter-output>
        </test-method> <!-- testHyd -->
        <test-method signature="testDestination()[pri:4, instance:flightSearchAutomationTest.FlightSearch@4f6ee6e4]" started-at="2023-05-25T09:46:34 IST" name="testDestination" finished-at="2023-05-25T09:46:35 IST" duration-ms="545" status="PASS">
          <reporter-output>
          </reporter-output>
        </test-method> <!-- testDestination -->
        <test-method signature="testPune()[pri:5, instance:flightSearchAutomationTest.FlightSearch@4f6ee6e4]" started-at="2023-05-25T09:46:35 IST" name="testPune" finished-at="2023-05-25T09:46:36 IST" duration-ms="689" status="PASS">
          <reporter-output>
          </reporter-output>
        </test-method> <!-- testPune -->
        <test-method signature="testDeparture()[pri:6, instance:flightSearchAutomationTest.FlightSearch@4f6ee6e4]" started-at="2023-05-25T09:46:36 IST" name="testDeparture" finished-at="2023-05-25T09:46:36 IST" duration-ms="556" status="PASS">
          <reporter-output>
          </reporter-output>
        </test-method> <!-- testDeparture -->
        <test-method signature="testDate()[pri:7, instance:flightSearchAutomationTest.FlightSearch@4f6ee6e4]" started-at="2023-05-25T09:46:36 IST" name="testDate" finished-at="2023-05-25T09:46:37 IST" duration-ms="545" status="PASS">
          <reporter-output>
          </reporter-output>
        </test-method> <!-- testDate -->
        <test-method signature="testTraveller()[pri:8, instance:flightSearchAutomationTest.FlightSearch@4f6ee6e4]" started-at="2023-05-25T09:46:37 IST" name="testTraveller" finished-at="2023-05-25T09:46:37 IST" duration-ms="542" status="PASS">
          <reporter-output>
          </reporter-output>
        </test-method> <!-- testTraveller -->
        <test-method signature="testEconomy()[pri:9, instance:flightSearchAutomationTest.FlightSearch@4f6ee6e4]" started-at="2023-05-25T09:46:37 IST" name="testEconomy" finished-at="2023-05-25T09:46:38 IST" duration-ms="603" status="PASS">
          <reporter-output>
          </reporter-output>
        </test-method> <!-- testEconomy -->
        <test-method signature="testSearch()[pri:10, instance:flightSearchAutomationTest.FlightSearch@4f6ee6e4]" started-at="2023-05-25T09:46:38 IST" name="testSearch" finished-at="2023-05-25T09:46:38 IST" duration-ms="557" status="PASS">
          <reporter-output>
          </reporter-output>
        </test-method> <!-- testSearch -->
        <test-method signature="testCheckDetails()[pri:11, instance:flightSearchAutomationTest.FlightSearch@4f6ee6e4]" started-at="2023-05-25T09:46:38 IST" name="testCheckDetails" finished-at="2023-05-25T09:46:41 IST" duration-ms="2588" status="PASS">
          <reporter-output>
          </reporter-output>
        </test-method> <!-- testCheckDetails -->
        <test-method signature="testFlightDetails()[pri:12, instance:flightSearchAutomationTest.FlightSearch@4f6ee6e4]" started-at="2023-05-25T09:46:41 IST" name="testFlightDetails" finished-at="2023-05-25T09:46:47 IST" duration-ms="6279" status="PASS">
          <reporter-output>
          </reporter-output>
        </test-method> <!-- testFlightDetails -->
        <test-method signature="CapturingScreenshot()[pri:13, instance:flightSearchAutomationTest.FlightSearch@4f6ee6e4]" started-at="2023-05-25T09:46:47 IST" name="CapturingScreenshot" finished-at="2023-05-25T09:46:51 IST" duration-ms="3604" status="PASS">
          <reporter-output>
          </reporter-output>
        </test-method> <!-- CapturingScreenshot -->
        <test-method is-config="true" signature="close()[pri:0, instance:flightSearchAutomationTest.FlightSearch@4f6ee6e4]" started-at="2023-05-25T09:46:51 IST" name="close" finished-at="2023-05-25T09:46:51 IST" duration-ms="115" status="PASS">
          <reporter-output>
          </reporter-output>
        </test-method> <!-- close -->
      </class> <!-- flightSearchAutomationTest.FlightSearch -->
    </test> <!-- Default test -->
  </suite> <!-- Default suite -->
</testng-results>
